<?xml version="1.0" encoding="UTF-8"?>
<!-- Generated by org.testng.reporters.JUnitReportReporter -->
<testsuite hostname="DESKTOP-6QQI3PG" failures="0" tests="2" name="rahulshettyacademy.TestDemo2" time="29.779" errors="0" timestamp="2023-07-08T15:42:19 BRT" skipped="0">
  <testcase classname="rahulshettyacademy.TestDemo2" name="titleCheckGoogle" time="10.401"/>
  <system-out/>
  <testcase classname="rahulshettyacademy.TestDemo2" name="titleCheckGoogle" time="19.378"/>
  <system-out/>
</testsuite> <!-- rahulshettyacademy.TestDemo2 -->
